


ARM Macro Assembler    Page 1 


    1 00000000         ;*******************************************************
                       *******************
    2 00000000         ;* @file     startup_at32f421.s
    3 00000000         ;* @version  v2.0.9
    4 00000000         ;* @date     2022-09-28
    5 00000000         ;* @brief    startup_at32f421 startup file for keil
    6 00000000         ;* <<< Use Configuration Wizard in Context Menu >>>  
    7 00000000         ;*******************************************************
                       *******************
    8 00000000         ;
    9 00000000         
   10 00000000         ; Amount of memory (in bytes) allocated for Stack
   11 00000000         ; Tailor this value to your application needs
   12 00000000         ; <h> Stack Configuration
   13 00000000         ;   <o> Stack Size (in Bytes) <0x0-0xFFFFFFFF:8>
   14 00000000         ; </h>
   15 00000000         
   16 00000000 00000400 
                       Stack_Size
                               EQU              0x00000400
   17 00000000         
   18 00000000                 AREA             STACK, NOINIT, READWRITE, ALIGN
=3
   19 00000000         Stack_Mem
                               SPACE            Stack_Size
   20 00000400         __initial_sp
   21 00000400         
   22 00000400         ; <h> Heap Configuration
   23 00000400         ;   <o>  Heap Size (in Bytes) <0x0-0xFFFFFFFF:8>
   24 00000400         ; </h>
   25 00000400         
   26 00000400 00000200 
                       Heap_Size
                               EQU              0x00000200
   27 00000400         
   28 00000400                 AREA             HEAP, NOINIT, READWRITE, ALIGN=
3
   29 00000000         __heap_base
   30 00000000         Heap_Mem
                               SPACE            Heap_Size
   31 00000200         __heap_limit
   32 00000200         
   33 00000200                 PRESERVE8
   34 00000200                 THUMB
   35 00000200         
   36 00000200         
   37 00000200         ; Vector Table Mapped to Address 0 at Reset
   38 00000200                 AREA             RESET, DATA, READONLY
   39 00000000                 EXPORT           __Vectors
   40 00000000                 EXPORT           __Vectors_End
   41 00000000                 EXPORT           __Vectors_Size
   42 00000000         
   43 00000000 00000000 
                       __Vectors
                               DCD              __initial_sp ; Top of Stack
   44 00000004 00000000        DCD              Reset_Handler ; Reset Handler
   45 00000008 00000000        DCD              NMI_Handler ; NMI Handler
   46 0000000C 00000000        DCD              HardFault_Handler ; Hard Fault 
                                                            Handler



ARM Macro Assembler    Page 2 


   47 00000010 00000000        DCD              MemManage_Handler 
                                                            ; MPU Fault Handler
                                                            
   48 00000014 00000000        DCD              BusFault_Handler 
                                                            ; Bus Fault Handler
                                                            
   49 00000018 00000000        DCD              UsageFault_Handler ; Usage Faul
                                                            t Handler
   50 0000001C 00000000        DCD              0           ; Reserved
   51 00000020 00000000        DCD              0           ; Reserved
   52 00000024 00000000        DCD              0           ; Reserved
   53 00000028 00000000        DCD              0           ; Reserved
   54 0000002C 00000000        DCD              SVC_Handler ; SVCall Handler
   55 00000030 00000000        DCD              DebugMon_Handler ; Debug Monito
                                                            r Handler
   56 00000034 00000000        DCD              0           ; Reserved
   57 00000038 00000000        DCD              PendSV_Handler ; PendSV Handler
                                                            
   58 0000003C 00000000        DCD              SysTick_Handler 
                                                            ; SysTick Handler
   59 00000040         
   60 00000040         ; External Interrupts
   61 00000040 00000000        DCD              WWDT_IRQHandler ; Window Watchd
                                                            og Timer
   62 00000044 00000000        DCD              PVM_IRQHandler ; PVM through EX
                                                            INT Line detect
   63 00000048 00000000        DCD              ERTC_IRQHandler ; ERTC
   64 0000004C 00000000        DCD              FLASH_IRQHandler ; Flash
   65 00000050 00000000        DCD              CRM_IRQHandler ; CRM
   66 00000054 00000000        DCD              EXINT1_0_IRQHandler 
                                                            ; EXINT Line 1 & 0
   67 00000058 00000000        DCD              EXINT3_2_IRQHandler 
                                                            ; EXINT Line 3 & 2
   68 0000005C 00000000        DCD              EXINT15_4_IRQHandler 
                                                            ; EXINT Line 15 ~ 4
                                                            
   69 00000060 00000000        DCD              0           ; Reserved
   70 00000064 00000000        DCD              DMA1_Channel1_IRQHandler 
                                                            ; DMA1 Channel 1
   71 00000068 00000000        DCD              DMA1_Channel3_2_IRQHandler ; DM
                                                            A1 Channel 3 & 2
   72 0000006C 00000000        DCD              DMA1_Channel5_4_IRQHandler ; DM
                                                            A1 Channel 5 & 4
   73 00000070 00000000        DCD              ADC1_CMP_IRQHandler 
                                                            ; ADC1 & Comparator
                                                            
   74 00000074 00000000        DCD              TMR1_BRK_OVF_TRG_HALL_IRQHandle
r 
                                                            ; TMR1 brake overfl
                                                            ow trigger and hall
                                                            
   75 00000078 00000000        DCD              TMR1_CH_IRQHandler 
                                                            ; TMR1 channel
   76 0000007C 00000000        DCD              0           ; Reserved
   77 00000080 00000000        DCD              TMR3_GLOBAL_IRQHandler ; TMR3
   78 00000084 00000000        DCD              TMR6_GLOBAL_IRQHandler ; TMR6
   79 00000088 00000000        DCD              0           ; Reserved
   80 0000008C 00000000        DCD              TMR14_GLOBAL_IRQHandler ; TMR14
                                                            



ARM Macro Assembler    Page 3 


   81 00000090 00000000        DCD              TMR15_GLOBAL_IRQHandler ; TMR15
                                                            
   82 00000094 00000000        DCD              TMR16_GLOBAL_IRQHandler ; TMR16
                                                            
   83 00000098 00000000        DCD              TMR17_GLOBAL_IRQHandler ; TMR17
                                                            
   84 0000009C 00000000        DCD              I2C1_EVT_IRQHandler 
                                                            ; I2C1 Event
   85 000000A0 00000000        DCD              I2C2_EVT_IRQHandler 
                                                            ; I2C2 Event
   86 000000A4 00000000        DCD              SPI1_IRQHandler ; SPI1
   87 000000A8 00000000        DCD              SPI2_IRQHandler ; SPI2
   88 000000AC 00000000        DCD              USART1_IRQHandler ; USART1
   89 000000B0 00000000        DCD              USART2_IRQHandler ; USART2
   90 000000B4 00000000        DCD              0           ; Reserved
   91 000000B8 00000000        DCD              0           ; Reserved
   92 000000BC 00000000        DCD              0           ; Reserved
   93 000000C0 00000000        DCD              I2C1_ERR_IRQHandler 
                                                            ; I2C1 Error
   94 000000C4 00000000        DCD              0           ; Reserved
   95 000000C8 00000000        DCD              I2C2_ERR_IRQHandler 
                                                            ; I2C2 Error
   96 000000CC         __Vectors_End
   97 000000CC         
   98 000000CC 000000CC 
                       __Vectors_Size
                               EQU              __Vectors_End - __Vectors
   99 000000CC         
  100 000000CC                 AREA             |.text|, CODE, READONLY
  101 00000000         
  102 00000000         ; Reset handler
  103 00000000         Reset_Handler
                               PROC
  104 00000000                 EXPORT           Reset_Handler                  
     [WEAK]
  105 00000000                 IMPORT           __main
  106 00000000                 IMPORT           SystemInit
  107 00000000 4809            LDR              R0, =SystemInit
  108 00000002 4780            BLX              R0
  109 00000004 4809            LDR              R0, =__main
  110 00000006 4700            BX               R0
  111 00000008                 ENDP
  112 00000008         
  113 00000008         ; Dummy Exception Handlers (infinite loops which can be 
                       modified)
  114 00000008         
  115 00000008         NMI_Handler
                               PROC
  116 00000008                 EXPORT           NMI_Handler                    
     [WEAK]
  117 00000008 E7FE            B                .
  118 0000000A                 ENDP
  120 0000000A         HardFault_Handler
                               PROC
  121 0000000A                 EXPORT           HardFault_Handler              
     [WEAK]
  122 0000000A E7FE            B                .
  123 0000000C                 ENDP
  125 0000000C         MemManage_Handler



ARM Macro Assembler    Page 4 


                               PROC
  126 0000000C                 EXPORT           MemManage_Handler              
     [WEAK]
  127 0000000C E7FE            B                .
  128 0000000E                 ENDP
  130 0000000E         BusFault_Handler
                               PROC
  131 0000000E                 EXPORT           BusFault_Handler               
     [WEAK]
  132 0000000E E7FE            B                .
  133 00000010                 ENDP
  135 00000010         UsageFault_Handler
                               PROC
  136 00000010                 EXPORT           UsageFault_Handler             
     [WEAK]
  137 00000010 E7FE            B                .
  138 00000012                 ENDP
  139 00000012         SVC_Handler
                               PROC
  140 00000012                 EXPORT           SVC_Handler                    
     [WEAK]
  141 00000012 E7FE            B                .
  142 00000014                 ENDP
  144 00000014         DebugMon_Handler
                               PROC
  145 00000014                 EXPORT           DebugMon_Handler               
     [WEAK]
  146 00000014 E7FE            B                .
  147 00000016                 ENDP
  148 00000016         PendSV_Handler
                               PROC
  149 00000016                 EXPORT           PendSV_Handler                 
     [WEAK]
  150 00000016 E7FE            B                .
  151 00000018                 ENDP
  152 00000018         SysTick_Handler
                               PROC
  153 00000018                 EXPORT           SysTick_Handler                
     [WEAK]
  154 00000018 E7FE            B                .
  155 0000001A                 ENDP
  156 0000001A         
  157 0000001A         Default_Handler
                               PROC
  158 0000001A                 EXPORT           WWDT_IRQHandler                
     [WEAK]
  159 0000001A                 EXPORT           PVM_IRQHandler                 
     [WEAK]
  160 0000001A                 EXPORT           ERTC_IRQHandler                
     [WEAK]
  161 0000001A                 EXPORT           FLASH_IRQHandler               
     [WEAK]
  162 0000001A                 EXPORT           CRM_IRQHandler                 
     [WEAK]
  163 0000001A                 EXPORT           EXINT1_0_IRQHandler            
     [WEAK]
  164 0000001A                 EXPORT           EXINT3_2_IRQHandler            
     [WEAK]
  165 0000001A                 EXPORT           EXINT15_4_IRQHandler           



ARM Macro Assembler    Page 5 


     [WEAK]
  166 0000001A                 EXPORT           DMA1_Channel1_IRQHandler       
     [WEAK]
  167 0000001A                 EXPORT           DMA1_Channel3_2_IRQHandler     
     [WEAK]
  168 0000001A                 EXPORT           DMA1_Channel5_4_IRQHandler     
     [WEAK]
  169 0000001A                 EXPORT           ADC1_CMP_IRQHandler            
     [WEAK]
  170 0000001A                 EXPORT           TMR1_BRK_OVF_TRG_HALL_IRQHandle
r    [WEAK]
  171 0000001A                 EXPORT           TMR1_CH_IRQHandler             
     [WEAK]
  172 0000001A                 EXPORT           TMR3_GLOBAL_IRQHandler         
     [WEAK]
  173 0000001A                 EXPORT           TMR6_GLOBAL_IRQHandler         
     [WEAK]
  174 0000001A                 EXPORT           TMR14_GLOBAL_IRQHandler        
     [WEAK]
  175 0000001A                 EXPORT           TMR15_GLOBAL_IRQHandler        
     [WEAK]
  176 0000001A                 EXPORT           TMR16_GLOBAL_IRQHandler        
     [WEAK]
  177 0000001A                 EXPORT           TMR17_GLOBAL_IRQHandler        
     [WEAK]
  178 0000001A                 EXPORT           I2C1_EVT_IRQHandler            
     [WEAK]
  179 0000001A                 EXPORT           I2C2_EVT_IRQHandler            
     [WEAK]
  180 0000001A                 EXPORT           SPI1_IRQHandler                
     [WEAK]
  181 0000001A                 EXPORT           SPI2_IRQHandler                
     [WEAK]
  182 0000001A                 EXPORT           USART1_IRQHandler              
     [WEAK]
  183 0000001A                 EXPORT           USART2_IRQHandler              
     [WEAK]
  184 0000001A                 EXPORT           I2C1_ERR_IRQHandler            
     [WEAK]
  185 0000001A                 EXPORT           I2C2_ERR_IRQHandler            
     [WEAK]
  186 0000001A         WWDT_IRQHandler
  187 0000001A         PVM_IRQHandler
  188 0000001A         ERTC_IRQHandler
  189 0000001A         FLASH_IRQHandler
  190 0000001A         CRM_IRQHandler
  191 0000001A         EXINT1_0_IRQHandler
  192 0000001A         EXINT3_2_IRQHandler
  193 0000001A         EXINT15_4_IRQHandler
  194 0000001A         DMA1_Channel1_IRQHandler
  195 0000001A         DMA1_Channel3_2_IRQHandler
  196 0000001A         DMA1_Channel5_4_IRQHandler
  197 0000001A         ADC1_CMP_IRQHandler
  198 0000001A         TMR1_BRK_OVF_TRG_HALL_IRQHandler
  199 0000001A         TMR1_CH_IRQHandler
  200 0000001A         TMR3_GLOBAL_IRQHandler
  201 0000001A         TMR6_GLOBAL_IRQHandler
  202 0000001A         TMR14_GLOBAL_IRQHandler
  203 0000001A         TMR15_GLOBAL_IRQHandler



ARM Macro Assembler    Page 6 


  204 0000001A         TMR16_GLOBAL_IRQHandler
  205 0000001A         TMR17_GLOBAL_IRQHandler
  206 0000001A         I2C1_EVT_IRQHandler
  207 0000001A         I2C2_EVT_IRQHandler
  208 0000001A         SPI1_IRQHandler
  209 0000001A         SPI2_IRQHandler
  210 0000001A         USART1_IRQHandler
  211 0000001A         USART2_IRQHandler
  212 0000001A         I2C1_ERR_IRQHandler
  213 0000001A         I2C2_ERR_IRQHandler
  214 0000001A E7FE            B                .
  215 0000001C         
  216 0000001C                 ENDP
  217 0000001C         
  218 0000001C                 ALIGN
  219 0000001C         
  220 0000001C         ;*******************************************************
                       ************************
  221 0000001C         ; User Stack and Heap initialization
  222 0000001C         ;*******************************************************
                       ************************
  223 0000001C                 IF               :DEF:__MICROLIB
  230 0000001C         
  231 0000001C                 IMPORT           __use_two_region_memory
  232 0000001C                 EXPORT           __user_initial_stackheap
  233 0000001C         
  234 0000001C         __user_initial_stackheap
  235 0000001C         
  236 0000001C 4804            LDR              R0, = Heap_Mem
  237 0000001E 4905            LDR              R1, = (Stack_Mem + Stack_Size)
  238 00000020 4A05            LDR              R2, = (Heap_Mem +  Heap_Size)
  239 00000022 4B06            LDR              R3, = Stack_Mem
  240 00000024 4770            BX               LR
  241 00000026         
  242 00000026 00 00           ALIGN
  243 00000028         
  244 00000028                 ENDIF
  245 00000028         
  246 00000028                 END
              00000000 
              00000000 
              00000000 
              00000400 
              00000200 
              00000000 
Command Line: --debug --xref --diag_suppress=9931 --cpu=Cortex-M4 --apcs=interw
ork --depend=.\objects\startup_at32f421.d -o.\objects\startup_at32f421.o -I.\RT
E\_pwm_output_tmr3 -ID:\keil_mdk\ARM\PACK\ArteryTek\AT32F421_DFP\2.0.8\Device\I
nclude -ID:\keil_mdk\ARM\CMSIS\Include --predefine="__UVISION_VERSION SETA 524"
 --predefine="AT32F421C8T7 SETA 1" --list=.\listings\startup_at32f421.lst ..\..
\..\..\..\..\libraries\cmsis\cm4\device_support\startup\mdk\startup_at32f421.s



ARM Macro Assembler    Page 1 Alphabetic symbol ordering
Relocatable symbols

STACK 00000000

Symbol: STACK
   Definitions
      At line 18 in file ..\..\..\..\..\..\libraries\cmsis\cm4\device_support\s
tartup\mdk\startup_at32f421.s
   Uses
      None
Comment: STACK unused
Stack_Mem 00000000

Symbol: Stack_Mem
   Definitions
      At line 19 in file ..\..\..\..\..\..\libraries\cmsis\cm4\device_support\s
tartup\mdk\startup_at32f421.s
   Uses
      At line 237 in file ..\..\..\..\..\..\libraries\cmsis\cm4\device_support\
startup\mdk\startup_at32f421.s
      At line 239 in file ..\..\..\..\..\..\libraries\cmsis\cm4\device_support\
startup\mdk\startup_at32f421.s

__initial_sp 00000400

Symbol: __initial_sp
   Definitions
      At line 20 in file ..\..\..\..\..\..\libraries\cmsis\cm4\device_support\s
tartup\mdk\startup_at32f421.s
   Uses
      At line 43 in file ..\..\..\..\..\..\libraries\cmsis\cm4\device_support\s
tartup\mdk\startup_at32f421.s
Comment: __initial_sp used once
3 symbols



ARM Macro Assembler    Page 1 Alphabetic symbol ordering
Relocatable symbols

HEAP 00000000

Symbol: HEAP
   Definitions
      At line 28 in file ..\..\..\..\..\..\libraries\cmsis\cm4\device_support\s
tartup\mdk\startup_at32f421.s
   Uses
      None
Comment: HEAP unused
Heap_Mem 00000000

Symbol: Heap_Mem
   Definitions
      At line 30 in file ..\..\..\..\..\..\libraries\cmsis\cm4\device_support\s
tartup\mdk\startup_at32f421.s
   Uses
      At line 236 in file ..\..\..\..\..\..\libraries\cmsis\cm4\device_support\
startup\mdk\startup_at32f421.s
      At line 238 in file ..\..\..\..\..\..\libraries\cmsis\cm4\device_support\
startup\mdk\startup_at32f421.s

__heap_base 00000000

Symbol: __heap_base
   Definitions
      At line 29 in file ..\..\..\..\..\..\libraries\cmsis\cm4\device_support\s
tartup\mdk\startup_at32f421.s
   Uses
      None
Comment: __heap_base unused
__heap_limit 00000200

Symbol: __heap_limit
   Definitions
      At line 31 in file ..\..\..\..\..\..\libraries\cmsis\cm4\device_support\s
tartup\mdk\startup_at32f421.s
   Uses
      None
Comment: __heap_limit unused
4 symbols



ARM Macro Assembler    Page 1 Alphabetic symbol ordering
Relocatable symbols

RESET 00000000

Symbol: RESET
   Definitions
      At line 38 in file ..\..\..\..\..\..\libraries\cmsis\cm4\device_support\s
tartup\mdk\startup_at32f421.s
   Uses
      None
Comment: RESET unused
__Vectors 00000000

Symbol: __Vectors
   Definitions
      At line 43 in file ..\..\..\..\..\..\libraries\cmsis\cm4\device_support\s
tartup\mdk\startup_at32f421.s
   Uses
      At line 39 in file ..\..\..\..\..\..\libraries\cmsis\cm4\device_support\s
tartup\mdk\startup_at32f421.s
      At line 98 in file ..\..\..\..\..\..\libraries\cmsis\cm4\device_support\s
tartup\mdk\startup_at32f421.s

__Vectors_End 000000CC

Symbol: __Vectors_End
   Definitions
      At line 96 in file ..\..\..\..\..\..\libraries\cmsis\cm4\device_support\s
tartup\mdk\startup_at32f421.s
   Uses
      At line 40 in file ..\..\..\..\..\..\libraries\cmsis\cm4\device_support\s
tartup\mdk\startup_at32f421.s
      At line 98 in file ..\..\..\..\..\..\libraries\cmsis\cm4\device_support\s
tartup\mdk\startup_at32f421.s

3 symbols



ARM Macro Assembler    Page 1 Alphabetic symbol ordering
Relocatable symbols

.text 00000000

Symbol: .text
   Definitions
      At line 100 in file ..\..\..\..\..\..\libraries\cmsis\cm4\device_support\
startup\mdk\startup_at32f421.s
   Uses
      None
Comment: .text unused
ADC1_CMP_IRQHandler 0000001A

Symbol: ADC1_CMP_IRQHandler
   Definitions
      At line 197 in file ..\..\..\..\..\..\libraries\cmsis\cm4\device_support\
startup\mdk\startup_at32f421.s
   Uses
      At line 73 in file ..\..\..\..\..\..\libraries\cmsis\cm4\device_support\s
tartup\mdk\startup_at32f421.s
      At line 169 in file ..\..\..\..\..\..\libraries\cmsis\cm4\device_support\
startup\mdk\startup_at32f421.s

BusFault_Handler 0000000E

Symbol: BusFault_Handler
   Definitions
      At line 130 in file ..\..\..\..\..\..\libraries\cmsis\cm4\device_support\
startup\mdk\startup_at32f421.s
   Uses
      At line 48 in file ..\..\..\..\..\..\libraries\cmsis\cm4\device_support\s
tartup\mdk\startup_at32f421.s
      At line 131 in file ..\..\..\..\..\..\libraries\cmsis\cm4\device_support\
startup\mdk\startup_at32f421.s

CRM_IRQHandler 0000001A

Symbol: CRM_IRQHandler
   Definitions
      At line 190 in file ..\..\..\..\..\..\libraries\cmsis\cm4\device_support\
startup\mdk\startup_at32f421.s
   Uses
      At line 65 in file ..\..\..\..\..\..\libraries\cmsis\cm4\device_support\s
tartup\mdk\startup_at32f421.s
      At line 162 in file ..\..\..\..\..\..\libraries\cmsis\cm4\device_support\
startup\mdk\startup_at32f421.s

DMA1_Channel1_IRQHandler 0000001A

Symbol: DMA1_Channel1_IRQHandler
   Definitions
      At line 194 in file ..\..\..\..\..\..\libraries\cmsis\cm4\device_support\
startup\mdk\startup_at32f421.s
   Uses
      At line 70 in file ..\..\..\..\..\..\libraries\cmsis\cm4\device_support\s
tartup\mdk\startup_at32f421.s
      At line 166 in file ..\..\..\..\..\..\libraries\cmsis\cm4\device_support\
startup\mdk\startup_at32f421.s

DMA1_Channel3_2_IRQHandler 0000001A




ARM Macro Assembler    Page 2 Alphabetic symbol ordering
Relocatable symbols

Symbol: DMA1_Channel3_2_IRQHandler
   Definitions
      At line 195 in file ..\..\..\..\..\..\libraries\cmsis\cm4\device_support\
startup\mdk\startup_at32f421.s
   Uses
      At line 71 in file ..\..\..\..\..\..\libraries\cmsis\cm4\device_support\s
tartup\mdk\startup_at32f421.s
      At line 167 in file ..\..\..\..\..\..\libraries\cmsis\cm4\device_support\
startup\mdk\startup_at32f421.s

DMA1_Channel5_4_IRQHandler 0000001A

Symbol: DMA1_Channel5_4_IRQHandler
   Definitions
      At line 196 in file ..\..\..\..\..\..\libraries\cmsis\cm4\device_support\
startup\mdk\startup_at32f421.s
   Uses
      At line 72 in file ..\..\..\..\..\..\libraries\cmsis\cm4\device_support\s
tartup\mdk\startup_at32f421.s
      At line 168 in file ..\..\..\..\..\..\libraries\cmsis\cm4\device_support\
startup\mdk\startup_at32f421.s

DebugMon_Handler 00000014

Symbol: DebugMon_Handler
   Definitions
      At line 144 in file ..\..\..\..\..\..\libraries\cmsis\cm4\device_support\
startup\mdk\startup_at32f421.s
   Uses
      At line 55 in file ..\..\..\..\..\..\libraries\cmsis\cm4\device_support\s
tartup\mdk\startup_at32f421.s
      At line 145 in file ..\..\..\..\..\..\libraries\cmsis\cm4\device_support\
startup\mdk\startup_at32f421.s

Default_Handler 0000001A

Symbol: Default_Handler
   Definitions
      At line 157 in file ..\..\..\..\..\..\libraries\cmsis\cm4\device_support\
startup\mdk\startup_at32f421.s
   Uses
      None
Comment: Default_Handler unused
ERTC_IRQHandler 0000001A

Symbol: ERTC_IRQHandler
   Definitions
      At line 188 in file ..\..\..\..\..\..\libraries\cmsis\cm4\device_support\
startup\mdk\startup_at32f421.s
   Uses
      At line 63 in file ..\..\..\..\..\..\libraries\cmsis\cm4\device_support\s
tartup\mdk\startup_at32f421.s
      At line 160 in file ..\..\..\..\..\..\libraries\cmsis\cm4\device_support\
startup\mdk\startup_at32f421.s

EXINT15_4_IRQHandler 0000001A

Symbol: EXINT15_4_IRQHandler
   Definitions



ARM Macro Assembler    Page 3 Alphabetic symbol ordering
Relocatable symbols

      At line 193 in file ..\..\..\..\..\..\libraries\cmsis\cm4\device_support\
startup\mdk\startup_at32f421.s
   Uses
      At line 68 in file ..\..\..\..\..\..\libraries\cmsis\cm4\device_support\s
tartup\mdk\startup_at32f421.s
      At line 165 in file ..\..\..\..\..\..\libraries\cmsis\cm4\device_support\
startup\mdk\startup_at32f421.s

EXINT1_0_IRQHandler 0000001A

Symbol: EXINT1_0_IRQHandler
   Definitions
      At line 191 in file ..\..\..\..\..\..\libraries\cmsis\cm4\device_support\
startup\mdk\startup_at32f421.s
   Uses
      At line 66 in file ..\..\..\..\..\..\libraries\cmsis\cm4\device_support\s
tartup\mdk\startup_at32f421.s
      At line 163 in file ..\..\..\..\..\..\libraries\cmsis\cm4\device_support\
startup\mdk\startup_at32f421.s

EXINT3_2_IRQHandler 0000001A

Symbol: EXINT3_2_IRQHandler
   Definitions
      At line 192 in file ..\..\..\..\..\..\libraries\cmsis\cm4\device_support\
startup\mdk\startup_at32f421.s
   Uses
      At line 67 in file ..\..\..\..\..\..\libraries\cmsis\cm4\device_support\s
tartup\mdk\startup_at32f421.s
      At line 164 in file ..\..\..\..\..\..\libraries\cmsis\cm4\device_support\
startup\mdk\startup_at32f421.s

FLASH_IRQHandler 0000001A

Symbol: FLASH_IRQHandler
   Definitions
      At line 189 in file ..\..\..\..\..\..\libraries\cmsis\cm4\device_support\
startup\mdk\startup_at32f421.s
   Uses
      At line 64 in file ..\..\..\..\..\..\libraries\cmsis\cm4\device_support\s
tartup\mdk\startup_at32f421.s
      At line 161 in file ..\..\..\..\..\..\libraries\cmsis\cm4\device_support\
startup\mdk\startup_at32f421.s

HardFault_Handler 0000000A

Symbol: HardFault_Handler
   Definitions
      At line 120 in file ..\..\..\..\..\..\libraries\cmsis\cm4\device_support\
startup\mdk\startup_at32f421.s
   Uses
      At line 46 in file ..\..\..\..\..\..\libraries\cmsis\cm4\device_support\s
tartup\mdk\startup_at32f421.s
      At line 121 in file ..\..\..\..\..\..\libraries\cmsis\cm4\device_support\
startup\mdk\startup_at32f421.s

I2C1_ERR_IRQHandler 0000001A

Symbol: I2C1_ERR_IRQHandler



ARM Macro Assembler    Page 4 Alphabetic symbol ordering
Relocatable symbols

   Definitions
      At line 212 in file ..\..\..\..\..\..\libraries\cmsis\cm4\device_support\
startup\mdk\startup_at32f421.s
   Uses
      At line 93 in file ..\..\..\..\..\..\libraries\cmsis\cm4\device_support\s
tartup\mdk\startup_at32f421.s
      At line 184 in file ..\..\..\..\..\..\libraries\cmsis\cm4\device_support\
startup\mdk\startup_at32f421.s

I2C1_EVT_IRQHandler 0000001A

Symbol: I2C1_EVT_IRQHandler
   Definitions
      At line 206 in file ..\..\..\..\..\..\libraries\cmsis\cm4\device_support\
startup\mdk\startup_at32f421.s
   Uses
      At line 84 in file ..\..\..\..\..\..\libraries\cmsis\cm4\device_support\s
tartup\mdk\startup_at32f421.s
      At line 178 in file ..\..\..\..\..\..\libraries\cmsis\cm4\device_support\
startup\mdk\startup_at32f421.s

I2C2_ERR_IRQHandler 0000001A

Symbol: I2C2_ERR_IRQHandler
   Definitions
      At line 213 in file ..\..\..\..\..\..\libraries\cmsis\cm4\device_support\
startup\mdk\startup_at32f421.s
   Uses
      At line 95 in file ..\..\..\..\..\..\libraries\cmsis\cm4\device_support\s
tartup\mdk\startup_at32f421.s
      At line 185 in file ..\..\..\..\..\..\libraries\cmsis\cm4\device_support\
startup\mdk\startup_at32f421.s

I2C2_EVT_IRQHandler 0000001A

Symbol: I2C2_EVT_IRQHandler
   Definitions
      At line 207 in file ..\..\..\..\..\..\libraries\cmsis\cm4\device_support\
startup\mdk\startup_at32f421.s
   Uses
      At line 85 in file ..\..\..\..\..\..\libraries\cmsis\cm4\device_support\s
tartup\mdk\startup_at32f421.s
      At line 179 in file ..\..\..\..\..\..\libraries\cmsis\cm4\device_support\
startup\mdk\startup_at32f421.s

MemManage_Handler 0000000C

Symbol: MemManage_Handler
   Definitions
      At line 125 in file ..\..\..\..\..\..\libraries\cmsis\cm4\device_support\
startup\mdk\startup_at32f421.s
   Uses
      At line 47 in file ..\..\..\..\..\..\libraries\cmsis\cm4\device_support\s
tartup\mdk\startup_at32f421.s
      At line 126 in file ..\..\..\..\..\..\libraries\cmsis\cm4\device_support\
startup\mdk\startup_at32f421.s

NMI_Handler 00000008




ARM Macro Assembler    Page 5 Alphabetic symbol ordering
Relocatable symbols

Symbol: NMI_Handler
   Definitions
      At line 115 in file ..\..\..\..\..\..\libraries\cmsis\cm4\device_support\
startup\mdk\startup_at32f421.s
   Uses
      At line 45 in file ..\..\..\..\..\..\libraries\cmsis\cm4\device_support\s
tartup\mdk\startup_at32f421.s
      At line 116 in file ..\..\..\..\..\..\libraries\cmsis\cm4\device_support\
startup\mdk\startup_at32f421.s

PVM_IRQHandler 0000001A

Symbol: PVM_IRQHandler
   Definitions
      At line 187 in file ..\..\..\..\..\..\libraries\cmsis\cm4\device_support\
startup\mdk\startup_at32f421.s
   Uses
      At line 62 in file ..\..\..\..\..\..\libraries\cmsis\cm4\device_support\s
tartup\mdk\startup_at32f421.s
      At line 159 in file ..\..\..\..\..\..\libraries\cmsis\cm4\device_support\
startup\mdk\startup_at32f421.s

PendSV_Handler 00000016

Symbol: PendSV_Handler
   Definitions
      At line 148 in file ..\..\..\..\..\..\libraries\cmsis\cm4\device_support\
startup\mdk\startup_at32f421.s
   Uses
      At line 57 in file ..\..\..\..\..\..\libraries\cmsis\cm4\device_support\s
tartup\mdk\startup_at32f421.s
      At line 149 in file ..\..\..\..\..\..\libraries\cmsis\cm4\device_support\
startup\mdk\startup_at32f421.s

Reset_Handler 00000000

Symbol: Reset_Handler
   Definitions
      At line 103 in file ..\..\..\..\..\..\libraries\cmsis\cm4\device_support\
startup\mdk\startup_at32f421.s
   Uses
      At line 44 in file ..\..\..\..\..\..\libraries\cmsis\cm4\device_support\s
tartup\mdk\startup_at32f421.s
      At line 104 in file ..\..\..\..\..\..\libraries\cmsis\cm4\device_support\
startup\mdk\startup_at32f421.s

SPI1_IRQHandler 0000001A

Symbol: SPI1_IRQHandler
   Definitions
      At line 208 in file ..\..\..\..\..\..\libraries\cmsis\cm4\device_support\
startup\mdk\startup_at32f421.s
   Uses
      At line 86 in file ..\..\..\..\..\..\libraries\cmsis\cm4\device_support\s
tartup\mdk\startup_at32f421.s
      At line 180 in file ..\..\..\..\..\..\libraries\cmsis\cm4\device_support\
startup\mdk\startup_at32f421.s

SPI2_IRQHandler 0000001A



ARM Macro Assembler    Page 6 Alphabetic symbol ordering
Relocatable symbols


Symbol: SPI2_IRQHandler
   Definitions
      At line 209 in file ..\..\..\..\..\..\libraries\cmsis\cm4\device_support\
startup\mdk\startup_at32f421.s
   Uses
      At line 87 in file ..\..\..\..\..\..\libraries\cmsis\cm4\device_support\s
tartup\mdk\startup_at32f421.s
      At line 181 in file ..\..\..\..\..\..\libraries\cmsis\cm4\device_support\
startup\mdk\startup_at32f421.s

SVC_Handler 00000012

Symbol: SVC_Handler
   Definitions
      At line 139 in file ..\..\..\..\..\..\libraries\cmsis\cm4\device_support\
startup\mdk\startup_at32f421.s
   Uses
      At line 54 in file ..\..\..\..\..\..\libraries\cmsis\cm4\device_support\s
tartup\mdk\startup_at32f421.s
      At line 140 in file ..\..\..\..\..\..\libraries\cmsis\cm4\device_support\
startup\mdk\startup_at32f421.s

SysTick_Handler 00000018

Symbol: SysTick_Handler
   Definitions
      At line 152 in file ..\..\..\..\..\..\libraries\cmsis\cm4\device_support\
startup\mdk\startup_at32f421.s
   Uses
      At line 58 in file ..\..\..\..\..\..\libraries\cmsis\cm4\device_support\s
tartup\mdk\startup_at32f421.s
      At line 153 in file ..\..\..\..\..\..\libraries\cmsis\cm4\device_support\
startup\mdk\startup_at32f421.s

TMR14_GLOBAL_IRQHandler 0000001A

Symbol: TMR14_GLOBAL_IRQHandler
   Definitions
      At line 202 in file ..\..\..\..\..\..\libraries\cmsis\cm4\device_support\
startup\mdk\startup_at32f421.s
   Uses
      At line 80 in file ..\..\..\..\..\..\libraries\cmsis\cm4\device_support\s
tartup\mdk\startup_at32f421.s
      At line 174 in file ..\..\..\..\..\..\libraries\cmsis\cm4\device_support\
startup\mdk\startup_at32f421.s

TMR15_GLOBAL_IRQHandler 0000001A

Symbol: TMR15_GLOBAL_IRQHandler
   Definitions
      At line 203 in file ..\..\..\..\..\..\libraries\cmsis\cm4\device_support\
startup\mdk\startup_at32f421.s
   Uses
      At line 81 in file ..\..\..\..\..\..\libraries\cmsis\cm4\device_support\s
tartup\mdk\startup_at32f421.s
      At line 175 in file ..\..\..\..\..\..\libraries\cmsis\cm4\device_support\
startup\mdk\startup_at32f421.s




ARM Macro Assembler    Page 7 Alphabetic symbol ordering
Relocatable symbols

TMR16_GLOBAL_IRQHandler 0000001A

Symbol: TMR16_GLOBAL_IRQHandler
   Definitions
      At line 204 in file ..\..\..\..\..\..\libraries\cmsis\cm4\device_support\
startup\mdk\startup_at32f421.s
   Uses
      At line 82 in file ..\..\..\..\..\..\libraries\cmsis\cm4\device_support\s
tartup\mdk\startup_at32f421.s
      At line 176 in file ..\..\..\..\..\..\libraries\cmsis\cm4\device_support\
startup\mdk\startup_at32f421.s

TMR17_GLOBAL_IRQHandler 0000001A

Symbol: TMR17_GLOBAL_IRQHandler
   Definitions
      At line 205 in file ..\..\..\..\..\..\libraries\cmsis\cm4\device_support\
startup\mdk\startup_at32f421.s
   Uses
      At line 83 in file ..\..\..\..\..\..\libraries\cmsis\cm4\device_support\s
tartup\mdk\startup_at32f421.s
      At line 177 in file ..\..\..\..\..\..\libraries\cmsis\cm4\device_support\
startup\mdk\startup_at32f421.s

TMR1_BRK_OVF_TRG_HALL_IRQHandler 0000001A

Symbol: TMR1_BRK_OVF_TRG_HALL_IRQHandler
   Definitions
      At line 198 in file ..\..\..\..\..\..\libraries\cmsis\cm4\device_support\
startup\mdk\startup_at32f421.s
   Uses
      At line 74 in file ..\..\..\..\..\..\libraries\cmsis\cm4\device_support\s
tartup\mdk\startup_at32f421.s
      At line 170 in file ..\..\..\..\..\..\libraries\cmsis\cm4\device_support\
startup\mdk\startup_at32f421.s

TMR1_CH_IRQHandler 0000001A

Symbol: TMR1_CH_IRQHandler
   Definitions
      At line 199 in file ..\..\..\..\..\..\libraries\cmsis\cm4\device_support\
startup\mdk\startup_at32f421.s
   Uses
      At line 75 in file ..\..\..\..\..\..\libraries\cmsis\cm4\device_support\s
tartup\mdk\startup_at32f421.s
      At line 171 in file ..\..\..\..\..\..\libraries\cmsis\cm4\device_support\
startup\mdk\startup_at32f421.s

TMR3_GLOBAL_IRQHandler 0000001A

Symbol: TMR3_GLOBAL_IRQHandler
   Definitions
      At line 200 in file ..\..\..\..\..\..\libraries\cmsis\cm4\device_support\
startup\mdk\startup_at32f421.s
   Uses
      At line 77 in file ..\..\..\..\..\..\libraries\cmsis\cm4\device_support\s
tartup\mdk\startup_at32f421.s
      At line 172 in file ..\..\..\..\..\..\libraries\cmsis\cm4\device_support\
startup\mdk\startup_at32f421.s



ARM Macro Assembler    Page 8 Alphabetic symbol ordering
Relocatable symbols


TMR6_GLOBAL_IRQHandler 0000001A

Symbol: TMR6_GLOBAL_IRQHandler
   Definitions
      At line 201 in file ..\..\..\..\..\..\libraries\cmsis\cm4\device_support\
startup\mdk\startup_at32f421.s
   Uses
      At line 78 in file ..\..\..\..\..\..\libraries\cmsis\cm4\device_support\s
tartup\mdk\startup_at32f421.s
      At line 173 in file ..\..\..\..\..\..\libraries\cmsis\cm4\device_support\
startup\mdk\startup_at32f421.s

USART1_IRQHandler 0000001A

Symbol: USART1_IRQHandler
   Definitions
      At line 210 in file ..\..\..\..\..\..\libraries\cmsis\cm4\device_support\
startup\mdk\startup_at32f421.s
   Uses
      At line 88 in file ..\..\..\..\..\..\libraries\cmsis\cm4\device_support\s
tartup\mdk\startup_at32f421.s
      At line 182 in file ..\..\..\..\..\..\libraries\cmsis\cm4\device_support\
startup\mdk\startup_at32f421.s

USART2_IRQHandler 0000001A

Symbol: USART2_IRQHandler
   Definitions
      At line 211 in file ..\..\..\..\..\..\libraries\cmsis\cm4\device_support\
startup\mdk\startup_at32f421.s
   Uses
      At line 89 in file ..\..\..\..\..\..\libraries\cmsis\cm4\device_support\s
tartup\mdk\startup_at32f421.s
      At line 183 in file ..\..\..\..\..\..\libraries\cmsis\cm4\device_support\
startup\mdk\startup_at32f421.s

UsageFault_Handler 00000010

Symbol: UsageFault_Handler
   Definitions
      At line 135 in file ..\..\..\..\..\..\libraries\cmsis\cm4\device_support\
startup\mdk\startup_at32f421.s
   Uses
      At line 49 in file ..\..\..\..\..\..\libraries\cmsis\cm4\device_support\s
tartup\mdk\startup_at32f421.s
      At line 136 in file ..\..\..\..\..\..\libraries\cmsis\cm4\device_support\
startup\mdk\startup_at32f421.s

WWDT_IRQHandler 0000001A

Symbol: WWDT_IRQHandler
   Definitions
      At line 186 in file ..\..\..\..\..\..\libraries\cmsis\cm4\device_support\
startup\mdk\startup_at32f421.s
   Uses
      At line 61 in file ..\..\..\..\..\..\libraries\cmsis\cm4\device_support\s
tartup\mdk\startup_at32f421.s
      At line 158 in file ..\..\..\..\..\..\libraries\cmsis\cm4\device_support\



ARM Macro Assembler    Page 9 Alphabetic symbol ordering
Relocatable symbols

startup\mdk\startup_at32f421.s

__user_initial_stackheap 0000001C

Symbol: __user_initial_stackheap
   Definitions
      At line 234 in file ..\..\..\..\..\..\libraries\cmsis\cm4\device_support\
startup\mdk\startup_at32f421.s
   Uses
      At line 232 in file ..\..\..\..\..\..\libraries\cmsis\cm4\device_support\
startup\mdk\startup_at32f421.s
Comment: __user_initial_stackheap used once
41 symbols



ARM Macro Assembler    Page 1 Alphabetic symbol ordering
Absolute symbols

Heap_Size 00000200

Symbol: Heap_Size
   Definitions
      At line 26 in file ..\..\..\..\..\..\libraries\cmsis\cm4\device_support\s
tartup\mdk\startup_at32f421.s
   Uses
      At line 30 in file ..\..\..\..\..\..\libraries\cmsis\cm4\device_support\s
tartup\mdk\startup_at32f421.s
      At line 238 in file ..\..\..\..\..\..\libraries\cmsis\cm4\device_support\
startup\mdk\startup_at32f421.s

Stack_Size 00000400

Symbol: Stack_Size
   Definitions
      At line 16 in file ..\..\..\..\..\..\libraries\cmsis\cm4\device_support\s
tartup\mdk\startup_at32f421.s
   Uses
      At line 19 in file ..\..\..\..\..\..\libraries\cmsis\cm4\device_support\s
tartup\mdk\startup_at32f421.s
      At line 237 in file ..\..\..\..\..\..\libraries\cmsis\cm4\device_support\
startup\mdk\startup_at32f421.s

__Vectors_Size 000000CC

Symbol: __Vectors_Size
   Definitions
      At line 98 in file ..\..\..\..\..\..\libraries\cmsis\cm4\device_support\s
tartup\mdk\startup_at32f421.s
   Uses
      At line 41 in file ..\..\..\..\..\..\libraries\cmsis\cm4\device_support\s
tartup\mdk\startup_at32f421.s
Comment: __Vectors_Size used once
3 symbols



ARM Macro Assembler    Page 1 Alphabetic symbol ordering
External symbols

SystemInit 00000000

Symbol: SystemInit
   Definitions
      At line 106 in file ..\..\..\..\..\..\libraries\cmsis\cm4\device_support\
startup\mdk\startup_at32f421.s
   Uses
      At line 107 in file ..\..\..\..\..\..\libraries\cmsis\cm4\device_support\
startup\mdk\startup_at32f421.s
Comment: SystemInit used once
__main 00000000

Symbol: __main
   Definitions
      At line 105 in file ..\..\..\..\..\..\libraries\cmsis\cm4\device_support\
startup\mdk\startup_at32f421.s
   Uses
      At line 109 in file ..\..\..\..\..\..\libraries\cmsis\cm4\device_support\
startup\mdk\startup_at32f421.s
Comment: __main used once
__use_two_region_memory 00000000

Symbol: __use_two_region_memory
   Definitions
      At line 231 in file ..\..\..\..\..\..\libraries\cmsis\cm4\device_support\
startup\mdk\startup_at32f421.s
   Uses
      None
Comment: __use_two_region_memory unused
3 symbols
393 symbols in table
